<?xml version="1.0" encoding="UTF-8"?>
<!-- Generated by org.testng.reporters.JUnitReportReporter -->
<testsuite hostname="Abus-MacBook-Air.local" failures="0" tests="1" name="Happy_Path" time="59.855" errors="0" timestamp="2023-06-13T02:13:39 CEST" skipped="0">
  <testcase classname="Happy_Path" name="store_Scenarios" time="59.855"/>
</testsuite> <!-- Happy_Path -->
