<?xml version="1.0" encoding="UTF-8"?>
<!-- Generated by org.testng.reporters.JUnitReportReporter -->
<testsuite hostname="Abus-MacBook-Air.local" failures="0" tests="1" name="Online_Store" time="60.190" errors="0" timestamp="2023-06-12T23:44:35 CEST" skipped="0">
  <testcase classname="Online_Store" name="store_Scenarios" time="60.190"/>
</testsuite> <!-- Online_Store -->
