<?xml version="1.0" encoding="UTF-8"?>
<!-- Generated by org.testng.reporters.JUnitReportReporter -->
<testsuite hostname="Abus-MacBook-Air.local" failures="0" tests="1" name="Missing_Username_Test" time="22.818" errors="0" timestamp="2023-06-12T23:57:00 CEST" skipped="0">
  <testcase classname="Missing_Username_Test" name="Toast_message_test" time="22.818"/>
</testsuite> <!-- Missing_Username_Test -->
