<?xml version="1.0" encoding="UTF-8"?>
<!-- Generated by org.testng.reporters.JUnitReportReporter -->
<testsuite hostname="Abus-MacBook-Air.local" failures="0" tests="1" name="Appium_test" time="35.635" errors="0" timestamp="2023-06-11T17:20:03 CEST" skipped="0">
  <testcase classname="Appium_test" name="appiumTest" time="35.635"/>
</testsuite> <!-- Appium_test -->
